ARM GAS  C:\Users\IAHERN~1\AppData\Local\Temp\ccc7XwIj.s 			page 1


   1              		.cpu cortex-m4
   2              		.arch armv7e-m
   3              		.fpu fpv4-sp-d16
   4              		.eabi_attribute 27, 1
   5              		.eabi_attribute 28, 1
   6              		.eabi_attribute 20, 1
   7              		.eabi_attribute 21, 1
   8              		.eabi_attribute 23, 3
   9              		.eabi_attribute 24, 1
  10              		.eabi_attribute 25, 1
  11              		.eabi_attribute 26, 1
  12              		.eabi_attribute 30, 1
  13              		.eabi_attribute 34, 1
  14              		.eabi_attribute 18, 4
  15              		.file	"Init.c"
  16              		.text
  17              	.Ltext0:
  18              		.cfi_sections	.debug_frame
  19              		.file 1 "Core/Src/Init.c"
  20              		.section	.rodata.hidSetDeviceSecurity.str1.4,"aMS",%progbits,1
  21              		.align	2
  22              	.LC0:
  23 0000 6163695F 		.ascii	"aci_gap_set_authentication_requirement()failed: 0x%"
  23      6761705F 
  23      7365745F 
  23      61757468 
  23      656E7469 
  24 0033 3032780D 		.ascii	"02x\015\012\000"
  24      0A00
  25 0039 000000   		.align	2
  26              	.LC1:
  27 003c 6163695F 		.ascii	"aci_gap_set_authentication_requirement() --> SUCCES"
  27      6761705F 
  27      7365745F 
  27      61757468 
  27      656E7469 
  28 006f 530D00   		.ascii	"S\015\000"
  29              		.section	.text.hidSetDeviceSecurity,"ax",%progbits
  30              		.align	1
  31              		.global	hidSetDeviceSecurity
  32              		.syntax unified
  33              		.thumb
  34              		.thumb_func
  36              	hidSetDeviceSecurity:
  37              	.LVL0:
  38              	.LFB139:
   1:Core/Src/Init.c **** /*
   2:Core/Src/Init.c ****  * Init.c
   3:Core/Src/Init.c ****  * Initialization of GATT and GAP Services.
   4:Core/Src/Init.c ****  *  Created on: Jan 30, 2024
   5:Core/Src/Init.c ****  *      Author: smoreno
   6:Core/Src/Init.c ****  */
   7:Core/Src/Init.c **** /*Includes*/
   8:Core/Src/Init.c **** #include "stdint.h"
   9:Core/Src/Init.c **** 
  10:Core/Src/Init.c **** #include "ble_status.h"
  11:Core/Src/Init.c **** 
ARM GAS  C:\Users\IAHERN~1\AppData\Local\Temp\ccc7XwIj.s 			page 2


  12:Core/Src/Init.c **** #include "sm.h"
  13:Core/Src/Init.c **** #include "callbacks.h"
  14:Core/Src/Init.c **** #include "ble_types.h"
  15:Core/Src/Init.c **** #include "services.h"
  16:Core/Src/Init.c **** #include "Init.h"
  17:Core/Src/Init.c **** #include "hci.h"
  18:Core/Src/Init.c **** 
  19:Core/Src/Init.c **** /*Structures ---------------------------------------------------------------------*/
  20:Core/Src/Init.c **** 
  21:Core/Src/Init.c **** /*Global Variables ---------------------------------------------------------------*/
  22:Core/Src/Init.c **** 
  23:Core/Src/Init.c **** 
  24:Core/Src/Init.c **** /* Private function prototypes ---------------------------------------------------*/
  25:Core/Src/Init.c **** 
  26:Core/Src/Init.c **** void Init()
  27:Core/Src/Init.c **** {
  28:Core/Src/Init.c **** 
  29:Core/Src/Init.c **** 	uint8_t ret;
  30:Core/Src/Init.c **** 	printf("\r\n");
  31:Core/Src/Init.c **** 	printf(" ----------------------------------------------\r\n");
  32:Core/Src/Init.c **** 	printf(" ----------------------------------------------\r\n");
  33:Core/Src/Init.c **** 	printf(" ----------------------------------------------\r\n");
  34:Core/Src/Init.c **** 	/*Initializing and Reseting HCI*/
  35:Core/Src/Init.c **** 	hci_init(APP_UserEvtRx, NULL);
  36:Core/Src/Init.c **** 	hci_reset();
  37:Core/Src/Init.c **** 	HAL_Delay(100);
  38:Core/Src/Init.c **** 
  39:Core/Src/Init.c **** 	ret = Configure_HidPeripheral();
  40:Core/Src/Init.c **** 	if(ret != BLE_STATUS_SUCCESS)
  41:Core/Src/Init.c **** 	{
  42:Core/Src/Init.c **** 		BLUENRG_PRINTF("Configure_HidPeripheral failed \r\n");
  43:Core/Src/Init.c **** 	}
  44:Core/Src/Init.c **** 	Reset_DiscoveryContext();
  45:Core/Src/Init.c **** 
  46:Core/Src/Init.c **** 
  47:Core/Src/Init.c **** }
  48:Core/Src/Init.c **** 
  49:Core/Src/Init.c **** 
  50:Core/Src/Init.c **** 
  51:Core/Src/Init.c **** 
  52:Core/Src/Init.c **** uint8_t Configure_HidPeripheral(void)
  53:Core/Src/Init.c **** {
  54:Core/Src/Init.c **** 	uint8_t ret;
  55:Core/Src/Init.c **** 	devInfService_Type devInf;
  56:Core/Src/Init.c **** 	connParam_Type connParam;
  57:Core/Src/Init.c **** 	uint8_t addr[] = PERIPHERAL_PUBLIC_ADDRESS;
  58:Core/Src/Init.c **** 	uint8_t dev_name[]={'S', 'T', 'K', 'e', 'y', 'b', 'o', 'a', 'r', 'd'};
  59:Core/Src/Init.c **** 	// uint8_t local_name[]={AD_TYPE_COMPLETE_LOCAL_NAME,'S', 'T', 'K', 'e', 'y', 'b', 'o', 'a', 'r', 
  60:Core/Src/Init.c **** 	/* HID Peripheral Init */
  61:Core/Src/Init.c **** 	connParam.interval_min = 0x10;
  62:Core/Src/Init.c **** 	connParam.interval_max = 0x14;
  63:Core/Src/Init.c **** 	connParam.slave_latency = 0x14;
  64:Core/Src/Init.c **** 	connParam.timeout_multiplier = 0xD2;
  65:Core/Src/Init.c **** 	ret = hidDevice_Init(IO_CAP_DISPLAY_ONLY, connParam, sizeof(dev_name), dev_name, addr);
  66:Core/Src/Init.c **** 	if (ret != BLE_STATUS_SUCCESS)
  67:Core/Src/Init.c **** 	{
  68:Core/Src/Init.c **** 		BLUENRG_PRINTF("Error in hidDevice_Init() 0x%02x\n", ret);
ARM GAS  C:\Users\IAHERN~1\AppData\Local\Temp\ccc7XwIj.s 			page 3


  69:Core/Src/Init.c **** 		return ret;
  70:Core/Src/Init.c **** 	}
  71:Core/Src/Init.c **** 
  72:Core/Src/Init.c **** 	/* Set the HID Peripheral Security */
  73:Core/Src/Init.c **** 	ret = hidSetDeviceSecurity(TRUE, USE_FIXED_PIN_FOR_PAIRING, 123456);
  74:Core/Src/Init.c **** 	if (ret != BLE_STATUS_SUCCESS)
  75:Core/Src/Init.c **** 	{
  76:Core/Src/Init.c **** 		BLUENRG_PRINTF("Error in hidSetDeviceSecurity() 0x%02x\n", ret);
  77:Core/Src/Init.c **** 		return ret;
  78:Core/Src/Init.c **** 	}
  79:Core/Src/Init.c **** 
  80:Core/Src/Init.c **** 
  81:Core/Src/Init.c **** 	/* Set the TX power -2 dBm */
  82:Core/Src/Init.c **** 	ret = hidSetTxPower(4);
  83:Core/Src/Init.c **** 
  84:Core/Src/Init.c **** 	if (ret != BLE_STATUS_SUCCESS)
  85:Core/Src/Init.c **** 	{
  86:Core/Src/Init.c **** 		BLUENRG_PRINTF("Error in hidSetTxPower() 0x%02x\n", ret);
  87:Core/Src/Init.c **** 		return ret;
  88:Core/Src/Init.c **** 	}
  89:Core/Src/Init.c **** 
  90:Core/Src/Init.c **** 	/**** Setup the GATT Database ****/
  91:Core/Src/Init.c **** 
  92:Core/Src/Init.c **** 	/* Device Information Service:
  93:Core/Src/Init.c **** 	   NOTE: memcpy length parameter must be equal to defined macro parameter length
  94:Core/Src/Init.c **** 	   on hid_peripheral_config.h file */
  95:Core/Src/Init.c **** 	memcpy(devInf.manufacName, "ST Micro ", MANUFAC_NAME_LEN);
  96:Core/Src/Init.c **** 	memcpy(devInf.modelNumber, "0001", MODEL_NUMB_LEN);
  97:Core/Src/Init.c **** 	memcpy(devInf.fwRevision, "0630", FW_REV_LEN);
  98:Core/Src/Init.c **** 	memcpy(devInf.swRevision, "0001", SW_REV_LEN);
  99:Core/Src/Init.c **** 	devInf.pnpID[0] = 0x01;
 100:Core/Src/Init.c **** 	devInf.pnpID[1] = 0x30;
 101:Core/Src/Init.c **** 	devInf.pnpID[2] = 0x00;
 102:Core/Src/Init.c **** 	devInf.pnpID[3] = 0xfc;
 103:Core/Src/Init.c **** 	devInf.pnpID[4] = 0x00;
 104:Core/Src/Init.c **** 	devInf.pnpID[5] = 0xec;
 105:Core/Src/Init.c **** 	devInf.pnpID[6] = 0x00;
 106:Core/Src/Init.c **** 
 107:Core/Src/Init.c **** 
 108:Core/Src/Init.c **** 	ret = hidAddServices(&devInf);
 109:Core/Src/Init.c **** 	if (ret != BLE_STATUS_SUCCESS)
 110:Core/Src/Init.c **** 	{
 111:Core/Src/Init.c **** 		BLUENRG_PRINTF("Error in hidAddServices() 0x%02x\n", ret);
 112:Core/Src/Init.c **** 		return ret;
 113:Core/Src/Init.c **** 	}
 114:Core/Src/Init.c **** 
 115:Core/Src/Init.c **** 	/* Set the HID Peripheral device discoverable */
 116:Core/Src/Init.c **** 	/*  ret = hidSetDeviceDiscoverable(LIMITED_DISCOVERABLE_MODE, sizeof(local_name), local_name);
 117:Core/Src/Init.c **** 	  if (ret != BLE_STATUS_SUCCESS) {
 118:Core/Src/Init.c **** 		BLUENRG_PRINTF("Error in hidSetDeviceDiscoverable() 0x%02x\n", ret);
 119:Core/Src/Init.c **** 		return ret;
 120:Core/Src/Init.c **** 	  }
 121:Core/Src/Init.c **** 	  */
 122:Core/Src/Init.c **** 	BLE_Profile_Add_Advertisment_Service_UUID(HUMAN_INTERFACE_DEVICE_SERVICE_UUID);
 123:Core/Src/Init.c ****   	BLE_Profile_Add_Advertisment_Service_UUID(BATTERY_SERVICE_SERVICE_UUID);
 124:Core/Src/Init.c ****   	BLE_Profile_Add_Advertisment_Service_UUID(DEVICE_INFORMATION_SERVICE_UUID);
 125:Core/Src/Init.c **** 
ARM GAS  C:\Users\IAHERN~1\AppData\Local\Temp\ccc7XwIj.s 			page 4


 126:Core/Src/Init.c **** 	BLUENRG_PRINTF("HID Keyboard Configured\r\n");
 127:Core/Src/Init.c **** 	return BLE_STATUS_SUCCESS;
 128:Core/Src/Init.c **** }
 129:Core/Src/Init.c **** 
 130:Core/Src/Init.c **** 
 131:Core/Src/Init.c **** 
 132:Core/Src/Init.c **** uint8_t hidSetDeviceSecurity(uint8_t MITM_Mode, uint8_t fixedPinUsed, uint32_t fixedPinValue)
 133:Core/Src/Init.c **** {
  39              		.loc 1 133 1 view -0
  40              		.cfi_startproc
  41              		@ args = 0, pretend = 0, frame = 0
  42              		@ frame_needed = 0, uses_anonymous_args = 0
  43              		.loc 1 133 1 is_stmt 0 view .LVU1
  44 0000 10B5     		push	{r4, lr}
  45              		.cfi_def_cfa_offset 8
  46              		.cfi_offset 4, -8
  47              		.cfi_offset 14, -4
  48 0002 86B0     		sub	sp, sp, #24
  49              		.cfi_def_cfa_offset 32
 134:Core/Src/Init.c ****   if (!MITM_Mode)
  50              		.loc 1 134 3 is_stmt 1 view .LVU2
  51              		.loc 1 134 6 is_stmt 0 view .LVU3
  52 0004 B8B1     		cbz	r0, .L4
 135:Core/Src/Init.c ****   {
 136:Core/Src/Init.c ****     return -1;
 137:Core/Src/Init.c ****   }
 138:Core/Src/Init.c ****   uint8_t ret;
  53              		.loc 1 138 3 is_stmt 1 view .LVU4
 139:Core/Src/Init.c ****   ret = aci_gap_set_authentication_requirement(BONDING,
  54              		.loc 1 139 3 view .LVU5
  55              		.loc 1 139 9 is_stmt 0 view .LVU6
  56 0006 0023     		movs	r3, #0
  57 0008 0493     		str	r3, [sp, #16]
  58 000a 0392     		str	r2, [sp, #12]
  59 000c 0291     		str	r1, [sp, #8]
  60 000e 1022     		movs	r2, #16
  61              	.LVL1:
  62              		.loc 1 139 9 view .LVU7
  63 0010 0192     		str	r2, [sp, #4]
  64 0012 0722     		movs	r2, #7
  65 0014 0092     		str	r2, [sp]
  66 0016 0122     		movs	r2, #1
  67 0018 1146     		mov	r1, r2
  68              	.LVL2:
  69              		.loc 1 139 9 view .LVU8
  70 001a 1046     		mov	r0, r2
  71              	.LVL3:
  72              		.loc 1 139 9 view .LVU9
  73 001c FFF7FEFF 		bl	aci_gap_set_authentication_requirement
  74              	.LVL4:
 140:Core/Src/Init.c ****                                                MITM_PROTECTION_REQUIRED,
 141:Core/Src/Init.c ****                                               //MITM_PROTECTION_NOT_REQUIRED,
 142:Core/Src/Init.c **** 											  SC_IS_SUPPORTED,
 143:Core/Src/Init.c ****                                               //SC_IS_NOT_SUPPORTED,
 144:Core/Src/Init.c **** 											  //KEYPRESS_IS_SUPPORTED,
 145:Core/Src/Init.c ****                                                KEYPRESS_IS_NOT_SUPPORTED,
 146:Core/Src/Init.c ****                                                7,
ARM GAS  C:\Users\IAHERN~1\AppData\Local\Temp\ccc7XwIj.s 			page 5


 147:Core/Src/Init.c ****                                                16,
 148:Core/Src/Init.c ****                                                fixedPinUsed,
 149:Core/Src/Init.c ****                                                fixedPinValue,
 150:Core/Src/Init.c ****                                                0x00);
 151:Core/Src/Init.c ****   if(ret != BLE_STATUS_SUCCESS) {
  75              		.loc 1 151 3 is_stmt 1 view .LVU10
  76              		.loc 1 151 5 is_stmt 0 view .LVU11
  77 0020 0446     		mov	r4, r0
  78 0022 20B1     		cbz	r0, .L3
 152:Core/Src/Init.c ****     BLUENRG_PRINTF("aci_gap_set_authentication_requirement()failed: 0x%02x\r\n", ret);
  79              		.loc 1 152 5 is_stmt 1 view .LVU12
  80 0024 0146     		mov	r1, r0
  81 0026 0648     		ldr	r0, .L6
  82              	.LVL5:
  83              		.loc 1 152 5 is_stmt 0 view .LVU13
  84 0028 FFF7FEFF 		bl	printf
  85              	.LVL6:
  86              		.loc 1 152 5 view .LVU14
  87 002c 04E0     		b	.L2
  88              	.LVL7:
  89              	.L3:
 153:Core/Src/Init.c ****   }
 154:Core/Src/Init.c ****   else
 155:Core/Src/Init.c ****     BLUENRG_PRINTF("aci_gap_set_authentication_requirement() --> SUCCESS\r\n");
  90              		.loc 1 155 5 is_stmt 1 view .LVU15
  91 002e 0548     		ldr	r0, .L6+4
  92              	.LVL8:
  93              		.loc 1 155 5 is_stmt 0 view .LVU16
  94 0030 FFF7FEFF 		bl	puts
  95              	.LVL9:
  96 0034 00E0     		b	.L2
  97              	.LVL10:
  98              	.L4:
 136:Core/Src/Init.c ****   }
  99              		.loc 1 136 12 view .LVU17
 100 0036 FF24     		movs	r4, #255
 101              	.LVL11:
 102              	.L2:
 156:Core/Src/Init.c ****   return ret;
 157:Core/Src/Init.c **** }
 103              		.loc 1 157 1 view .LVU18
 104 0038 2046     		mov	r0, r4
 105 003a 06B0     		add	sp, sp, #24
 106              		.cfi_def_cfa_offset 8
 107              		@ sp needed
 108 003c 10BD     		pop	{r4, pc}
 109              	.L7:
 110 003e 00BF     		.align	2
 111              	.L6:
 112 0040 00000000 		.word	.LC0
 113 0044 3C000000 		.word	.LC1
 114              		.cfi_endproc
 115              	.LFE139:
 117              		.section	.rodata.hidSetTxPower.str1.4,"aMS",%progbits,1
 118              		.align	2
 119              	.LC2:
 120 0000 4572726F 		.ascii	"Error in aci_hal_set_tx_power_level() 0x%04x\015\012"
ARM GAS  C:\Users\IAHERN~1\AppData\Local\Temp\ccc7XwIj.s 			page 6


 120      7220696E 
 120      20616369 
 120      5F68616C 
 120      5F736574 
 121 002e 00       		.ascii	"\000"
 122              		.section	.text.hidSetTxPower,"ax",%progbits
 123              		.align	1
 124              		.global	hidSetTxPower
 125              		.syntax unified
 126              		.thumb
 127              		.thumb_func
 129              	hidSetTxPower:
 130              	.LVL12:
 131              	.LFB140:
 158:Core/Src/Init.c **** 
 159:Core/Src/Init.c **** 
 160:Core/Src/Init.c **** uint8_t hidSetTxPower(uint8_t level)
 161:Core/Src/Init.c **** {
 132              		.loc 1 161 1 is_stmt 1 view -0
 133              		.cfi_startproc
 134              		@ args = 0, pretend = 0, frame = 0
 135              		@ frame_needed = 0, uses_anonymous_args = 0
 136              		.loc 1 161 1 is_stmt 0 view .LVU20
 137 0000 10B5     		push	{r4, lr}
 138              		.cfi_def_cfa_offset 8
 139              		.cfi_offset 4, -8
 140              		.cfi_offset 14, -4
 141 0002 0146     		mov	r1, r0
 162:Core/Src/Init.c ****   uint8_t ret;
 142              		.loc 1 162 3 is_stmt 1 view .LVU21
 163:Core/Src/Init.c ****   ret = aci_hal_set_tx_power_level(1, level);
 143              		.loc 1 163 3 view .LVU22
 144              		.loc 1 163 9 is_stmt 0 view .LVU23
 145 0004 0120     		movs	r0, #1
 146              	.LVL13:
 147              		.loc 1 163 9 view .LVU24
 148 0006 FFF7FEFF 		bl	aci_hal_set_tx_power_level
 149              	.LVL14:
 164:Core/Src/Init.c ****   if (ret != BLE_STATUS_SUCCESS)
 150              		.loc 1 164 3 is_stmt 1 view .LVU25
 151              		.loc 1 164 6 is_stmt 0 view .LVU26
 152 000a 0446     		mov	r4, r0
 153 000c 08B9     		cbnz	r0, .L11
 154              	.LVL15:
 155              	.L9:
 165:Core/Src/Init.c ****   {
 166:Core/Src/Init.c ****     BLUENRG_PRINTF("Error in aci_hal_set_tx_power_level() 0x%04x\r\n", ret);
 167:Core/Src/Init.c ****   }
 168:Core/Src/Init.c ****   return ret;
 156              		.loc 1 168 3 is_stmt 1 view .LVU27
 169:Core/Src/Init.c **** }
 157              		.loc 1 169 1 is_stmt 0 view .LVU28
 158 000e 2046     		mov	r0, r4
 159 0010 10BD     		pop	{r4, pc}
 160              	.LVL16:
 161              	.L11:
 166:Core/Src/Init.c ****   }
ARM GAS  C:\Users\IAHERN~1\AppData\Local\Temp\ccc7XwIj.s 			page 7


 162              		.loc 1 166 5 is_stmt 1 view .LVU29
 163 0012 0146     		mov	r1, r0
 164 0014 0148     		ldr	r0, .L12
 165              	.LVL17:
 166:Core/Src/Init.c ****   }
 166              		.loc 1 166 5 is_stmt 0 view .LVU30
 167 0016 FFF7FEFF 		bl	printf
 168              	.LVL18:
 169 001a F8E7     		b	.L9
 170              	.L13:
 171              		.align	2
 172              	.L12:
 173 001c 00000000 		.word	.LC2
 174              		.cfi_endproc
 175              	.LFE140:
 177              		.section	.rodata.hidDevice_Init.str1.4,"aMS",%progbits,1
 178              		.align	2
 179              	.LC3:
 180 0000 53657474 		.ascii	"Setting BD_ADDR failed 0x%02x\015\012\000"
 180      696E6720 
 180      42445F41 
 180      44445220 
 180      6661696C 
 181              		.align	2
 182              	.LC4:
 183 0020 5075626C 		.ascii	"Public address: \000"
 183      69632061 
 183      64647265 
 183      73733A20 
 183      00
 184 0031 000000   		.align	2
 185              	.LC5:
 186 0034 25303258 		.ascii	"%02X-\000"
 186      2D00
 187 003a 0000     		.align	2
 188              	.LC6:
 189 003c 25303258 		.ascii	"%02X\015\012\000"
 189      0D0A00
 190 0043 00       		.align	2
 191              	.LC7:
 192 0044 6163695F 		.ascii	"aci_hal_read_config_data() addr valueRead:  \015\000"
 192      68616C5F 
 192      72656164 
 192      5F636F6E 
 192      6669675F 
 193 0072 0000     		.align	2
 194              	.LC8:
 195 0074 256400   		.ascii	"%d\000"
 196 0077 00       		.align	2
 197              	.LC9:
 198 0078 0A0D00   		.ascii	"\012\015\000"
 199 007b 00       		.align	2
 200              	.LC10:
 201 007c 6163695F 		.ascii	"aci_hal_read_config_data() DIV valueRead:\015\000"
 201      68616C5F 
 201      72656164 
 201      5F636F6E 
ARM GAS  C:\Users\IAHERN~1\AppData\Local\Temp\ccc7XwIj.s 			page 8


 201      6669675F 
 202 00a7 00       		.align	2
 203              	.LC11:
 204 00a8 6163695F 		.ascii	"aci_hal_read_config_data() ER  valueRead:\015\000"
 204      68616C5F 
 204      72656164 
 204      5F636F6E 
 204      6669675F 
 205 00d3 00       		.align	2
 206              	.LC12:
 207 00d4 6163695F 		.ascii	"aci_hal_read_config_data() IR  valueRead:\015\000"
 207      68616C5F 
 207      72656164 
 207      5F636F6E 
 207      6669675F 
 208 00ff 00       		.align	2
 209              	.LC13:
 210 0100 6163695F 		.ascii	"aci_hal_read_config_data() LL_ONLY valueRead:\015\000"
 210      68616C5F 
 210      72656164 
 210      5F636F6E 
 210      6669675F 
 211 012f 00       		.align	2
 212              	.LC14:
 213 0130 6163695F 		.ascii	"aci_gatt_init() failed: 0x%02x\015\012\000"
 213      67617474 
 213      5F696E69 
 213      74282920 
 213      6661696C 
 214 0151 000000   		.align	2
 215              	.LC15:
 216 0154 6163695F 		.ascii	"aci_gatt_init() --> SUCCESS\015\000"
 216      67617474 
 216      5F696E69 
 216      74282920 
 216      2D2D3E20 
 217 0171 000000   		.align	2
 218              	.LC16:
 219 0174 4741505F 		.ascii	"GAP_set_io failed: 0x%02x\015\012\000"
 219      7365745F 
 219      696F2066 
 219      61696C65 
 219      643A2030 
 220              		.section	.text.hidDevice_Init,"ax",%progbits
 221              		.align	1
 222              		.global	hidDevice_Init
 223              		.syntax unified
 224              		.thumb
 225              		.thumb_func
 227              	hidDevice_Init:
 228              	.LVL19:
 229              	.LFB141:
 170:Core/Src/Init.c **** 
 171:Core/Src/Init.c **** 
 172:Core/Src/Init.c **** 
 173:Core/Src/Init.c **** /**
 174:Core/Src/Init.c ****  * @brief This function sets public Address, Initializes Gatt and Gap Services according to HID BLE
ARM GAS  C:\Users\IAHERN~1\AppData\Local\Temp\ccc7XwIj.s 			page 9


 175:Core/Src/Init.c ****  * @param IO_Capability set IO Capability
 176:Core/Src/Init.c ****  * @param connParam Update values for Preferred Connection Parameters Characteristics
 177:Core/Src/Init.c ****  * @param dev_name_len Device name Len
 178:Core/Src/Init.c ****  * @param dev_name Device name buffer
 179:Core/Src/Init.c ****  * @param addr  Numeric Addres
 180:Core/Src/Init.c ****  * @retval BLE Status
 181:Core/Src/Init.c ****  */
 182:Core/Src/Init.c **** uint8_t hidDevice_Init(uint8_t IO_Capability, connParam_Type connParam,
 183:Core/Src/Init.c **** 					   uint8_t dev_name_len, uint8_t *dev_name, uint8_t *addr)
 184:Core/Src/Init.c **** {
 230              		.loc 1 184 1 is_stmt 1 view -0
 231              		.cfi_startproc
 232              		@ args = 8, pretend = 0, frame = 40
 233              		@ frame_needed = 0, uses_anonymous_args = 0
 234              		.loc 1 184 1 is_stmt 0 view .LVU32
 235 0000 F0B5     		push	{r4, r5, r6, r7, lr}
 236              		.cfi_def_cfa_offset 20
 237              		.cfi_offset 4, -20
 238              		.cfi_offset 5, -16
 239              		.cfi_offset 6, -12
 240              		.cfi_offset 7, -8
 241              		.cfi_offset 14, -4
 242 0002 8FB0     		sub	sp, sp, #60
 243              		.cfi_def_cfa_offset 80
 244 0004 0746     		mov	r7, r0
 245 0006 04A8     		add	r0, sp, #16
 246              	.LVL20:
 247              		.loc 1 184 1 view .LVU33
 248 0008 80E80600 		stm	r0, {r1, r2}
 249 000c 1E46     		mov	r6, r3
 250 000e 159C     		ldr	r4, [sp, #84]
 185:Core/Src/Init.c **** 	uint16_t service_handle, dev_name_char_handle, appearance_char_handle;
 251              		.loc 1 185 2 is_stmt 1 view .LVU34
 186:Core/Src/Init.c **** 	uint8_t ret;
 252              		.loc 1 186 2 view .LVU35
 187:Core/Src/Init.c **** 
 188:Core/Src/Init.c **** 	/* Set the device public address */
 189:Core/Src/Init.c **** 	ret = aci_hal_write_config_data(CONFIG_DATA_PUBADDR_OFFSET, CONFIG_DATA_PUBADDR_LEN, addr);
 253              		.loc 1 189 2 view .LVU36
 254              		.loc 1 189 8 is_stmt 0 view .LVU37
 255 0010 2246     		mov	r2, r4
 256 0012 0621     		movs	r1, #6
 257 0014 0020     		movs	r0, #0
 258 0016 FFF7FEFF 		bl	aci_hal_write_config_data
 259              	.LVL21:
 190:Core/Src/Init.c **** 	if (ret != BLE_STATUS_SUCCESS)
 260              		.loc 1 190 2 is_stmt 1 view .LVU38
 261              		.loc 1 190 5 is_stmt 0 view .LVU39
 262 001a 20B9     		cbnz	r0, .L31
 191:Core/Src/Init.c **** 	{
 192:Core/Src/Init.c **** 		BLUENRG_PRINTF("Setting BD_ADDR failed 0x%02x\r\n", ret);
 193:Core/Src/Init.c **** 		return ret;
 194:Core/Src/Init.c **** 	}
 195:Core/Src/Init.c **** 	else
 196:Core/Src/Init.c **** 	{
 197:Core/Src/Init.c **** 		BLUENRG_PRINTF("Public address: ");
 263              		.loc 1 197 3 is_stmt 1 view .LVU40
ARM GAS  C:\Users\IAHERN~1\AppData\Local\Temp\ccc7XwIj.s 			page 10


 264 001c 7C48     		ldr	r0, .L33
 265              	.LVL22:
 266              		.loc 1 197 3 is_stmt 0 view .LVU41
 267 001e FFF7FEFF 		bl	printf
 268              	.LVL23:
 198:Core/Src/Init.c **** 		for (uint8_t i = 5; i > 0; i--)
 269              		.loc 1 198 3 is_stmt 1 view .LVU42
 270              	.LBB2:
 271              		.loc 1 198 8 view .LVU43
 272              		.loc 1 198 16 is_stmt 0 view .LVU44
 273 0022 0525     		movs	r5, #5
 274              		.loc 1 198 3 view .LVU45
 275 0024 0DE0     		b	.L17
 276              	.LVL24:
 277              	.L31:
 278              		.loc 1 198 3 view .LVU46
 279 0026 0546     		mov	r5, r0
 280              	.LBE2:
 192:Core/Src/Init.c **** 		return ret;
 281              		.loc 1 192 3 is_stmt 1 view .LVU47
 282 0028 0146     		mov	r1, r0
 283 002a 7A48     		ldr	r0, .L33+4
 284              	.LVL25:
 192:Core/Src/Init.c **** 		return ret;
 285              		.loc 1 192 3 is_stmt 0 view .LVU48
 286 002c FFF7FEFF 		bl	printf
 287              	.LVL26:
 193:Core/Src/Init.c **** 	}
 288              		.loc 1 193 3 is_stmt 1 view .LVU49
 289              	.L16:
 199:Core/Src/Init.c **** 		{
 200:Core/Src/Init.c **** 			BLUENRG_PRINTF("%02X-", addr[i]);
 201:Core/Src/Init.c **** 		}
 202:Core/Src/Init.c **** 		BLUENRG_PRINTF("%02X\r\n", addr[0]);
 203:Core/Src/Init.c **** 	}
 204:Core/Src/Init.c **** 
 205:Core/Src/Init.c **** 	/* Read the device public address */
 206:Core/Src/Init.c **** 	uint8_t valueRead[16];
 207:Core/Src/Init.c **** 	uint8_t valueLen=CONFIG_DATA_PUBADDR_LEN;
 208:Core/Src/Init.c **** 	aci_hal_read_config_data(CONFIG_DATA_PUBADDR_OFFSET, &valueLen, (uint8_t *)valueRead);
 209:Core/Src/Init.c **** 	BLUENRG_PRINTF("aci_hal_read_config_data() addr valueRead:  \r\n");
 210:Core/Src/Init.c **** 	for (uint8_t i=0; i < CONFIG_DATA_PUBADDR_LEN ;i++)
 211:Core/Src/Init.c **** 	{
 212:Core/Src/Init.c **** 		BLUENRG_PRINTF("%d",valueRead[i]);
 213:Core/Src/Init.c **** 	}
 214:Core/Src/Init.c **** 	BLUENRG_PRINTF("\n\r");
 215:Core/Src/Init.c **** 
 216:Core/Src/Init.c **** 	valueLen=CONFIG_DATA_DIV_LEN;
 217:Core/Src/Init.c **** 	aci_hal_read_config_data(CONFIG_DATA_DIV_OFFSET, &valueLen, (uint8_t *)valueRead);
 218:Core/Src/Init.c **** 	BLUENRG_PRINTF("aci_hal_read_config_data() DIV valueRead:\r\n");
 219:Core/Src/Init.c **** 	for (uint8_t i=0; i < CONFIG_DATA_DIV_LEN ;i++)
 220:Core/Src/Init.c **** 	{
 221:Core/Src/Init.c **** 		BLUENRG_PRINTF("%d",valueRead[i]);
 222:Core/Src/Init.c **** 	}
 223:Core/Src/Init.c **** 	BLUENRG_PRINTF("\n\r");
 224:Core/Src/Init.c **** 
 225:Core/Src/Init.c **** 	valueLen=CONFIG_DATA_ER_LEN;
ARM GAS  C:\Users\IAHERN~1\AppData\Local\Temp\ccc7XwIj.s 			page 11


 226:Core/Src/Init.c **** 	aci_hal_read_config_data(CONFIG_DATA_ER_OFFSET, &valueLen, (uint8_t *)valueRead);
 227:Core/Src/Init.c **** 	BLUENRG_PRINTF("aci_hal_read_config_data() ER  valueRead:\r\n");
 228:Core/Src/Init.c **** 	for (uint8_t i=0; i < CONFIG_DATA_ER_LEN ;i++)
 229:Core/Src/Init.c **** 	{
 230:Core/Src/Init.c **** 		BLUENRG_PRINTF("%d",valueRead[i]);
 231:Core/Src/Init.c **** 	}
 232:Core/Src/Init.c **** 	BLUENRG_PRINTF("\n\r");
 233:Core/Src/Init.c **** 
 234:Core/Src/Init.c **** 	valueLen=CONFIG_DATA_IR_LEN;
 235:Core/Src/Init.c **** 	aci_hal_read_config_data(CONFIG_DATA_IR_OFFSET, &valueLen, (uint8_t *)valueRead);
 236:Core/Src/Init.c **** 	BLUENRG_PRINTF("aci_hal_read_config_data() IR  valueRead:\r\n");
 237:Core/Src/Init.c **** 	for (uint8_t i=0; i < CONFIG_DATA_IR_LEN ;i++)
 238:Core/Src/Init.c **** 	{
 239:Core/Src/Init.c **** 		BLUENRG_PRINTF("%d",valueRead[i]);
 240:Core/Src/Init.c **** 	}
 241:Core/Src/Init.c **** 	BLUENRG_PRINTF("\n\r");
 242:Core/Src/Init.c **** 
 243:Core/Src/Init.c **** 	valueLen=CONFIG_DATA_LL_WITHOUT_HOST_LEN;
 244:Core/Src/Init.c **** 	aci_hal_read_config_data(CONFIG_DATA_LL_WITHOUT_HOST, &valueLen, (uint8_t *)valueRead);
 245:Core/Src/Init.c **** 	BLUENRG_PRINTF("aci_hal_read_config_data() LL_ONLY valueRead:\r\n");
 246:Core/Src/Init.c **** 	for (uint8_t i=0; i < CONFIG_DATA_LL_WITHOUT_HOST_LEN ;i++)
 247:Core/Src/Init.c **** 	{
 248:Core/Src/Init.c **** 		BLUENRG_PRINTF("%d",valueRead[i]);
 249:Core/Src/Init.c **** 	}
 250:Core/Src/Init.c **** 	BLUENRG_PRINTF("\n\r");
 251:Core/Src/Init.c **** 
 252:Core/Src/Init.c **** 
 253:Core/Src/Init.c **** 	/* GATT Init */
 254:Core/Src/Init.c **** 	ret = aci_gatt_init();
 255:Core/Src/Init.c **** 	if (ret != BLE_STATUS_SUCCESS)
 256:Core/Src/Init.c **** 	{
 257:Core/Src/Init.c **** 		BLUENRG_PRINTF("aci_gatt_init() failed: 0x%02x\r\n", ret);
 258:Core/Src/Init.c **** 		return ret;
 259:Core/Src/Init.c **** 	}
 260:Core/Src/Init.c **** 	else
 261:Core/Src/Init.c **** 		BLUENRG_PRINTF("aci_gatt_init() --> SUCCESS\r\n");
 262:Core/Src/Init.c **** 
 263:Core/Src/Init.c **** 	/* GAP Init */
 264:Core/Src/Init.c **** 	uint8_t appareance[] = {0xC1, 0x03};
 265:Core/Src/Init.c **** 
 266:Core/Src/Init.c **** 	ret = aci_gap_init(GAP_CENTRAL_ROLE | GAP_PERIPHERAL_ROLE, 0x0, 0x20, &service_handle,
 267:Core/Src/Init.c **** 					   &dev_name_char_handle, &appearance_char_handle);
 268:Core/Src/Init.c **** 	aci_gatt_update_char_value(service_handle, appearance_char_handle, 0, 2, appareance);
 269:Core/Src/Init.c **** 
 270:Core/Src/Init.c **** 	ret = aci_gatt_update_char_value_ext(0, service_handle, dev_name_char_handle, 0, dev_name_len, 0, 
 271:Core/Src/Init.c **** 	ret = aci_gatt_update_char_value_ext(0, service_handle, appearance_char_handle + 2, 0, sizeof(conn
 272:Core/Src/Init.c **** 
 273:Core/Src/Init.c **** 	/* Set IO capability */
 274:Core/Src/Init.c **** 	ret = aci_gap_set_io_capability(IO_Capability);
 275:Core/Src/Init.c **** 	if (ret != BLE_STATUS_SUCCESS)
 276:Core/Src/Init.c **** 	{
 277:Core/Src/Init.c **** 		BLUENRG_PRINTF("GAP_set_io failed: 0x%02x\r\n", ret);
 278:Core/Src/Init.c **** 	}
 279:Core/Src/Init.c **** 
 280:Core/Src/Init.c **** 	// ret = aci_gap_configure_whitelist();
 281:Core/Src/Init.c ****     // if(ret!=BLE_STATUS_SUCCESS)
 282:Core/Src/Init.c **** 	// {
ARM GAS  C:\Users\IAHERN~1\AppData\Local\Temp\ccc7XwIj.s 			page 12


 283:Core/Src/Init.c **** 	// 	BLUENRG_PRINTF("aci_gap_configure_whitelist failed: 0x%02x\r\n", ret);
 284:Core/Src/Init.c **** 	// }
 285:Core/Src/Init.c **** 	return ret;
 286:Core/Src/Init.c **** }
 290              		.loc 1 286 1 is_stmt 0 view .LVU50
 291 0030 2846     		mov	r0, r5
 292 0032 0FB0     		add	sp, sp, #60
 293              		.cfi_remember_state
 294              		.cfi_def_cfa_offset 20
 295              		@ sp needed
 296 0034 F0BD     		pop	{r4, r5, r6, r7, pc}
 297              	.LVL27:
 298              	.L18:
 299              		.cfi_restore_state
 300              	.LBB3:
 200:Core/Src/Init.c **** 		}
 301              		.loc 1 200 4 is_stmt 1 view .LVU51
 302 0036 615D     		ldrb	r1, [r4, r5]	@ zero_extendqisi2
 303 0038 7748     		ldr	r0, .L33+8
 304 003a FFF7FEFF 		bl	printf
 305              	.LVL28:
 198:Core/Src/Init.c **** 		{
 306              		.loc 1 198 31 discriminator 3 view .LVU52
 307 003e 013D     		subs	r5, r5, #1
 308              	.LVL29:
 198:Core/Src/Init.c **** 		{
 309              		.loc 1 198 31 is_stmt 0 discriminator 3 view .LVU53
 310 0040 EDB2     		uxtb	r5, r5
 311              	.LVL30:
 312              	.L17:
 198:Core/Src/Init.c **** 		{
 313              		.loc 1 198 25 is_stmt 1 discriminator 1 view .LVU54
 314 0042 002D     		cmp	r5, #0
 315 0044 F7D1     		bne	.L18
 316              	.LBE3:
 202:Core/Src/Init.c **** 	}
 317              		.loc 1 202 3 view .LVU55
 318 0046 2178     		ldrb	r1, [r4]	@ zero_extendqisi2
 319 0048 7448     		ldr	r0, .L33+12
 320 004a FFF7FEFF 		bl	printf
 321              	.LVL31:
 206:Core/Src/Init.c **** 	uint8_t valueLen=CONFIG_DATA_PUBADDR_LEN;
 322              		.loc 1 206 2 view .LVU56
 207:Core/Src/Init.c **** 	aci_hal_read_config_data(CONFIG_DATA_PUBADDR_OFFSET, &valueLen, (uint8_t *)valueRead);
 323              		.loc 1 207 2 view .LVU57
 207:Core/Src/Init.c **** 	aci_hal_read_config_data(CONFIG_DATA_PUBADDR_OFFSET, &valueLen, (uint8_t *)valueRead);
 324              		.loc 1 207 10 is_stmt 0 view .LVU58
 325 004e 0623     		movs	r3, #6
 326 0050 8DF81F30 		strb	r3, [sp, #31]
 208:Core/Src/Init.c **** 	BLUENRG_PRINTF("aci_hal_read_config_data() addr valueRead:  \r\n");
 327              		.loc 1 208 2 is_stmt 1 view .LVU59
 328 0054 08AA     		add	r2, sp, #32
 329 0056 0DF11F01 		add	r1, sp, #31
 330 005a 0020     		movs	r0, #0
 331 005c FFF7FEFF 		bl	aci_hal_read_config_data
 332              	.LVL32:
 209:Core/Src/Init.c **** 	for (uint8_t i=0; i < CONFIG_DATA_PUBADDR_LEN ;i++)
ARM GAS  C:\Users\IAHERN~1\AppData\Local\Temp\ccc7XwIj.s 			page 13


 333              		.loc 1 209 2 view .LVU60
 334 0060 6F48     		ldr	r0, .L33+16
 335 0062 FFF7FEFF 		bl	puts
 336              	.LVL33:
 210:Core/Src/Init.c **** 	{
 337              		.loc 1 210 2 view .LVU61
 338              	.LBB4:
 210:Core/Src/Init.c **** 	{
 339              		.loc 1 210 7 view .LVU62
 210:Core/Src/Init.c **** 	{
 340              		.loc 1 210 15 is_stmt 0 view .LVU63
 341 0066 2C46     		mov	r4, r5
 210:Core/Src/Init.c **** 	{
 342              		.loc 1 210 2 view .LVU64
 343 0068 09E0     		b	.L19
 344              	.LVL34:
 345              	.L20:
 212:Core/Src/Init.c **** 	}
 346              		.loc 1 212 3 is_stmt 1 view .LVU65
 347 006a 04F13803 		add	r3, r4, #56
 348 006e 6B44     		add	r3, sp, r3
 349 0070 13F8181C 		ldrb	r1, [r3, #-24]	@ zero_extendqisi2
 350 0074 6B48     		ldr	r0, .L33+20
 351 0076 FFF7FEFF 		bl	printf
 352              	.LVL35:
 210:Core/Src/Init.c **** 	{
 353              		.loc 1 210 50 discriminator 3 view .LVU66
 354 007a 0134     		adds	r4, r4, #1
 355              	.LVL36:
 210:Core/Src/Init.c **** 	{
 356              		.loc 1 210 50 is_stmt 0 discriminator 3 view .LVU67
 357 007c E4B2     		uxtb	r4, r4
 358              	.LVL37:
 359              	.L19:
 210:Core/Src/Init.c **** 	{
 360              		.loc 1 210 22 is_stmt 1 discriminator 1 view .LVU68
 361 007e 052C     		cmp	r4, #5
 362 0080 F3D9     		bls	.L20
 363              	.LBE4:
 214:Core/Src/Init.c **** 
 364              		.loc 1 214 2 view .LVU69
 365 0082 6948     		ldr	r0, .L33+24
 366 0084 FFF7FEFF 		bl	printf
 367              	.LVL38:
 216:Core/Src/Init.c **** 	aci_hal_read_config_data(CONFIG_DATA_DIV_OFFSET, &valueLen, (uint8_t *)valueRead);
 368              		.loc 1 216 2 view .LVU70
 216:Core/Src/Init.c **** 	aci_hal_read_config_data(CONFIG_DATA_DIV_OFFSET, &valueLen, (uint8_t *)valueRead);
 369              		.loc 1 216 10 is_stmt 0 view .LVU71
 370 0088 0223     		movs	r3, #2
 371 008a 8DF81F30 		strb	r3, [sp, #31]
 217:Core/Src/Init.c **** 	BLUENRG_PRINTF("aci_hal_read_config_data() DIV valueRead:\r\n");
 372              		.loc 1 217 2 is_stmt 1 view .LVU72
 373 008e 08AA     		add	r2, sp, #32
 374 0090 0DF11F01 		add	r1, sp, #31
 375 0094 0620     		movs	r0, #6
 376 0096 FFF7FEFF 		bl	aci_hal_read_config_data
 377              	.LVL39:
ARM GAS  C:\Users\IAHERN~1\AppData\Local\Temp\ccc7XwIj.s 			page 14


 218:Core/Src/Init.c **** 	for (uint8_t i=0; i < CONFIG_DATA_DIV_LEN ;i++)
 378              		.loc 1 218 2 view .LVU73
 379 009a 6448     		ldr	r0, .L33+28
 380 009c FFF7FEFF 		bl	puts
 381              	.LVL40:
 219:Core/Src/Init.c **** 	{
 382              		.loc 1 219 2 view .LVU74
 383              	.LBB5:
 219:Core/Src/Init.c **** 	{
 384              		.loc 1 219 7 view .LVU75
 219:Core/Src/Init.c **** 	{
 385              		.loc 1 219 15 is_stmt 0 view .LVU76
 386 00a0 2C46     		mov	r4, r5
 387              	.LVL41:
 219:Core/Src/Init.c **** 	{
 388              		.loc 1 219 2 view .LVU77
 389 00a2 09E0     		b	.L21
 390              	.LVL42:
 391              	.L22:
 221:Core/Src/Init.c **** 	}
 392              		.loc 1 221 3 is_stmt 1 view .LVU78
 393 00a4 04F13803 		add	r3, r4, #56
 394 00a8 6B44     		add	r3, sp, r3
 395 00aa 13F8181C 		ldrb	r1, [r3, #-24]	@ zero_extendqisi2
 396 00ae 5D48     		ldr	r0, .L33+20
 397 00b0 FFF7FEFF 		bl	printf
 398              	.LVL43:
 219:Core/Src/Init.c **** 	{
 399              		.loc 1 219 46 discriminator 3 view .LVU79
 400 00b4 0134     		adds	r4, r4, #1
 401              	.LVL44:
 219:Core/Src/Init.c **** 	{
 402              		.loc 1 219 46 is_stmt 0 discriminator 3 view .LVU80
 403 00b6 E4B2     		uxtb	r4, r4
 404              	.LVL45:
 405              	.L21:
 219:Core/Src/Init.c **** 	{
 406              		.loc 1 219 22 is_stmt 1 discriminator 1 view .LVU81
 407 00b8 012C     		cmp	r4, #1
 408 00ba F3D9     		bls	.L22
 409              	.LBE5:
 223:Core/Src/Init.c **** 
 410              		.loc 1 223 2 view .LVU82
 411 00bc 5A48     		ldr	r0, .L33+24
 412 00be FFF7FEFF 		bl	printf
 413              	.LVL46:
 225:Core/Src/Init.c **** 	aci_hal_read_config_data(CONFIG_DATA_ER_OFFSET, &valueLen, (uint8_t *)valueRead);
 414              		.loc 1 225 2 view .LVU83
 225:Core/Src/Init.c **** 	aci_hal_read_config_data(CONFIG_DATA_ER_OFFSET, &valueLen, (uint8_t *)valueRead);
 415              		.loc 1 225 10 is_stmt 0 view .LVU84
 416 00c2 1023     		movs	r3, #16
 417 00c4 8DF81F30 		strb	r3, [sp, #31]
 226:Core/Src/Init.c **** 	BLUENRG_PRINTF("aci_hal_read_config_data() ER  valueRead:\r\n");
 418              		.loc 1 226 2 is_stmt 1 view .LVU85
 419 00c8 08AA     		add	r2, sp, #32
 420 00ca 0DF11F01 		add	r1, sp, #31
 421 00ce 0820     		movs	r0, #8
ARM GAS  C:\Users\IAHERN~1\AppData\Local\Temp\ccc7XwIj.s 			page 15


 422 00d0 FFF7FEFF 		bl	aci_hal_read_config_data
 423              	.LVL47:
 227:Core/Src/Init.c **** 	for (uint8_t i=0; i < CONFIG_DATA_ER_LEN ;i++)
 424              		.loc 1 227 2 view .LVU86
 425 00d4 5648     		ldr	r0, .L33+32
 426 00d6 FFF7FEFF 		bl	puts
 427              	.LVL48:
 228:Core/Src/Init.c **** 	{
 428              		.loc 1 228 2 view .LVU87
 429              	.LBB6:
 228:Core/Src/Init.c **** 	{
 430              		.loc 1 228 7 view .LVU88
 228:Core/Src/Init.c **** 	{
 431              		.loc 1 228 15 is_stmt 0 view .LVU89
 432 00da 2C46     		mov	r4, r5
 433              	.LVL49:
 228:Core/Src/Init.c **** 	{
 434              		.loc 1 228 2 view .LVU90
 435 00dc 09E0     		b	.L23
 436              	.LVL50:
 437              	.L24:
 230:Core/Src/Init.c **** 	}
 438              		.loc 1 230 3 is_stmt 1 view .LVU91
 439 00de 04F13803 		add	r3, r4, #56
 440 00e2 6B44     		add	r3, sp, r3
 441 00e4 13F8181C 		ldrb	r1, [r3, #-24]	@ zero_extendqisi2
 442 00e8 4E48     		ldr	r0, .L33+20
 443 00ea FFF7FEFF 		bl	printf
 444              	.LVL51:
 228:Core/Src/Init.c **** 	{
 445              		.loc 1 228 45 discriminator 3 view .LVU92
 446 00ee 0134     		adds	r4, r4, #1
 447              	.LVL52:
 228:Core/Src/Init.c **** 	{
 448              		.loc 1 228 45 is_stmt 0 discriminator 3 view .LVU93
 449 00f0 E4B2     		uxtb	r4, r4
 450              	.LVL53:
 451              	.L23:
 228:Core/Src/Init.c **** 	{
 452              		.loc 1 228 22 is_stmt 1 discriminator 1 view .LVU94
 453 00f2 0F2C     		cmp	r4, #15
 454 00f4 F3D9     		bls	.L24
 455              	.LBE6:
 232:Core/Src/Init.c **** 
 456              		.loc 1 232 2 view .LVU95
 457 00f6 4C48     		ldr	r0, .L33+24
 458 00f8 FFF7FEFF 		bl	printf
 459              	.LVL54:
 234:Core/Src/Init.c **** 	aci_hal_read_config_data(CONFIG_DATA_IR_OFFSET, &valueLen, (uint8_t *)valueRead);
 460              		.loc 1 234 2 view .LVU96
 234:Core/Src/Init.c **** 	aci_hal_read_config_data(CONFIG_DATA_IR_OFFSET, &valueLen, (uint8_t *)valueRead);
 461              		.loc 1 234 10 is_stmt 0 view .LVU97
 462 00fc 1023     		movs	r3, #16
 463 00fe 8DF81F30 		strb	r3, [sp, #31]
 235:Core/Src/Init.c **** 	BLUENRG_PRINTF("aci_hal_read_config_data() IR  valueRead:\r\n");
 464              		.loc 1 235 2 is_stmt 1 view .LVU98
 465 0102 08AA     		add	r2, sp, #32
ARM GAS  C:\Users\IAHERN~1\AppData\Local\Temp\ccc7XwIj.s 			page 16


 466 0104 0DF11F01 		add	r1, sp, #31
 467 0108 1820     		movs	r0, #24
 468 010a FFF7FEFF 		bl	aci_hal_read_config_data
 469              	.LVL55:
 236:Core/Src/Init.c **** 	for (uint8_t i=0; i < CONFIG_DATA_IR_LEN ;i++)
 470              		.loc 1 236 2 view .LVU99
 471 010e 4948     		ldr	r0, .L33+36
 472 0110 FFF7FEFF 		bl	puts
 473              	.LVL56:
 237:Core/Src/Init.c **** 	{
 474              		.loc 1 237 2 view .LVU100
 475              	.LBB7:
 237:Core/Src/Init.c **** 	{
 476              		.loc 1 237 7 view .LVU101
 237:Core/Src/Init.c **** 	{
 477              		.loc 1 237 15 is_stmt 0 view .LVU102
 478 0114 2C46     		mov	r4, r5
 479              	.LVL57:
 237:Core/Src/Init.c **** 	{
 480              		.loc 1 237 2 view .LVU103
 481 0116 09E0     		b	.L25
 482              	.LVL58:
 483              	.L26:
 239:Core/Src/Init.c **** 	}
 484              		.loc 1 239 3 is_stmt 1 view .LVU104
 485 0118 04F13803 		add	r3, r4, #56
 486 011c 6B44     		add	r3, sp, r3
 487 011e 13F8181C 		ldrb	r1, [r3, #-24]	@ zero_extendqisi2
 488 0122 4048     		ldr	r0, .L33+20
 489 0124 FFF7FEFF 		bl	printf
 490              	.LVL59:
 237:Core/Src/Init.c **** 	{
 491              		.loc 1 237 45 discriminator 3 view .LVU105
 492 0128 0134     		adds	r4, r4, #1
 493              	.LVL60:
 237:Core/Src/Init.c **** 	{
 494              		.loc 1 237 45 is_stmt 0 discriminator 3 view .LVU106
 495 012a E4B2     		uxtb	r4, r4
 496              	.LVL61:
 497              	.L25:
 237:Core/Src/Init.c **** 	{
 498              		.loc 1 237 22 is_stmt 1 discriminator 1 view .LVU107
 499 012c 0F2C     		cmp	r4, #15
 500 012e F3D9     		bls	.L26
 501              	.LBE7:
 241:Core/Src/Init.c **** 
 502              		.loc 1 241 2 view .LVU108
 503 0130 3D48     		ldr	r0, .L33+24
 504 0132 FFF7FEFF 		bl	printf
 505              	.LVL62:
 243:Core/Src/Init.c **** 	aci_hal_read_config_data(CONFIG_DATA_LL_WITHOUT_HOST, &valueLen, (uint8_t *)valueRead);
 506              		.loc 1 243 2 view .LVU109
 243:Core/Src/Init.c **** 	aci_hal_read_config_data(CONFIG_DATA_LL_WITHOUT_HOST, &valueLen, (uint8_t *)valueRead);
 507              		.loc 1 243 10 is_stmt 0 view .LVU110
 508 0136 0123     		movs	r3, #1
 509 0138 8DF81F30 		strb	r3, [sp, #31]
 244:Core/Src/Init.c **** 	BLUENRG_PRINTF("aci_hal_read_config_data() LL_ONLY valueRead:\r\n");
ARM GAS  C:\Users\IAHERN~1\AppData\Local\Temp\ccc7XwIj.s 			page 17


 510              		.loc 1 244 2 is_stmt 1 view .LVU111
 511 013c 08AA     		add	r2, sp, #32
 512 013e 0DF11F01 		add	r1, sp, #31
 513 0142 2C20     		movs	r0, #44
 514 0144 FFF7FEFF 		bl	aci_hal_read_config_data
 515              	.LVL63:
 245:Core/Src/Init.c **** 	for (uint8_t i=0; i < CONFIG_DATA_LL_WITHOUT_HOST_LEN ;i++)
 516              		.loc 1 245 2 view .LVU112
 517 0148 3B48     		ldr	r0, .L33+40
 518 014a FFF7FEFF 		bl	puts
 519              	.LVL64:
 246:Core/Src/Init.c **** 	{
 520              		.loc 1 246 2 view .LVU113
 521              	.LBB8:
 246:Core/Src/Init.c **** 	{
 522              		.loc 1 246 7 view .LVU114
 523              	.L27:
 246:Core/Src/Init.c **** 	{
 524              		.loc 1 246 22 discriminator 1 view .LVU115
 525 014e 002D     		cmp	r5, #0
 526 0150 4ED0     		beq	.L28
 527              	.LBE8:
 250:Core/Src/Init.c **** 
 528              		.loc 1 250 2 view .LVU116
 529 0152 3548     		ldr	r0, .L33+24
 530 0154 FFF7FEFF 		bl	printf
 531              	.LVL65:
 254:Core/Src/Init.c **** 	if (ret != BLE_STATUS_SUCCESS)
 532              		.loc 1 254 2 view .LVU117
 254:Core/Src/Init.c **** 	if (ret != BLE_STATUS_SUCCESS)
 533              		.loc 1 254 8 is_stmt 0 view .LVU118
 534 0158 FFF7FEFF 		bl	aci_gatt_init
 535              	.LVL66:
 255:Core/Src/Init.c **** 	{
 536              		.loc 1 255 2 is_stmt 1 view .LVU119
 255:Core/Src/Init.c **** 	{
 537              		.loc 1 255 5 is_stmt 0 view .LVU120
 538 015c 0546     		mov	r5, r0
 539              	.LVL67:
 255:Core/Src/Init.c **** 	{
 540              		.loc 1 255 5 view .LVU121
 541 015e 0028     		cmp	r0, #0
 542 0160 51D1     		bne	.L32
 261:Core/Src/Init.c **** 
 543              		.loc 1 261 3 is_stmt 1 view .LVU122
 544 0162 3648     		ldr	r0, .L33+44
 545              	.LVL68:
 261:Core/Src/Init.c **** 
 546              		.loc 1 261 3 is_stmt 0 view .LVU123
 547 0164 FFF7FEFF 		bl	puts
 548              	.LVL69:
 264:Core/Src/Init.c **** 
 549              		.loc 1 264 2 is_stmt 1 view .LVU124
 264:Core/Src/Init.c **** 
 550              		.loc 1 264 10 is_stmt 0 view .LVU125
 551 0168 40F2C133 		movw	r3, #961
 552 016c ADF81C30 		strh	r3, [sp, #28]	@ movhi
ARM GAS  C:\Users\IAHERN~1\AppData\Local\Temp\ccc7XwIj.s 			page 18


 266:Core/Src/Init.c **** 					   &dev_name_char_handle, &appearance_char_handle);
 553              		.loc 1 266 2 is_stmt 1 view .LVU126
 266:Core/Src/Init.c **** 					   &dev_name_char_handle, &appearance_char_handle);
 554              		.loc 1 266 8 is_stmt 0 view .LVU127
 555 0170 0DF13203 		add	r3, sp, #50
 556 0174 0193     		str	r3, [sp, #4]
 557 0176 0DAB     		add	r3, sp, #52
 558 0178 0093     		str	r3, [sp]
 559 017a 0DF13603 		add	r3, sp, #54
 560 017e 2022     		movs	r2, #32
 561 0180 0021     		movs	r1, #0
 562 0182 0520     		movs	r0, #5
 563 0184 FFF7FEFF 		bl	aci_gap_init
 564              	.LVL70:
 268:Core/Src/Init.c **** 
 565              		.loc 1 268 2 is_stmt 1 view .LVU128
 566 0188 07AB     		add	r3, sp, #28
 567 018a 0093     		str	r3, [sp]
 568 018c 0223     		movs	r3, #2
 569 018e 0022     		movs	r2, #0
 570 0190 BDF83210 		ldrh	r1, [sp, #50]
 571 0194 BDF83600 		ldrh	r0, [sp, #54]
 572 0198 FFF7FEFF 		bl	aci_gatt_update_char_value
 573              	.LVL71:
 270:Core/Src/Init.c **** 	ret = aci_gatt_update_char_value_ext(0, service_handle, appearance_char_handle + 2, 0, sizeof(conn
 574              		.loc 1 270 2 view .LVU129
 270:Core/Src/Init.c **** 	ret = aci_gatt_update_char_value_ext(0, service_handle, appearance_char_handle + 2, 0, sizeof(conn
 575              		.loc 1 270 8 is_stmt 0 view .LVU130
 576 019c 149B     		ldr	r3, [sp, #80]
 577 019e 0393     		str	r3, [sp, #12]
 578 01a0 0296     		str	r6, [sp, #8]
 579 01a2 0024     		movs	r4, #0
 580              	.LVL72:
 270:Core/Src/Init.c **** 	ret = aci_gatt_update_char_value_ext(0, service_handle, appearance_char_handle + 2, 0, sizeof(conn
 581              		.loc 1 270 8 view .LVU131
 582 01a4 0194     		str	r4, [sp, #4]
 583 01a6 0096     		str	r6, [sp]
 584 01a8 2346     		mov	r3, r4
 585 01aa BDF83420 		ldrh	r2, [sp, #52]
 586 01ae BDF83610 		ldrh	r1, [sp, #54]
 587 01b2 2046     		mov	r0, r4
 588 01b4 FFF7FEFF 		bl	aci_gatt_update_char_value_ext
 589              	.LVL73:
 271:Core/Src/Init.c **** 
 590              		.loc 1 271 2 is_stmt 1 view .LVU132
 271:Core/Src/Init.c **** 
 591              		.loc 1 271 8 is_stmt 0 view .LVU133
 592 01b8 BDF83220 		ldrh	r2, [sp, #50]
 593 01bc 0232     		adds	r2, r2, #2
 594 01be 04AB     		add	r3, sp, #16
 595 01c0 0393     		str	r3, [sp, #12]
 596 01c2 0823     		movs	r3, #8
 597 01c4 0293     		str	r3, [sp, #8]
 598 01c6 0194     		str	r4, [sp, #4]
 599 01c8 0093     		str	r3, [sp]
 600 01ca 2346     		mov	r3, r4
 601 01cc 92B2     		uxth	r2, r2
ARM GAS  C:\Users\IAHERN~1\AppData\Local\Temp\ccc7XwIj.s 			page 19


 602 01ce BDF83610 		ldrh	r1, [sp, #54]
 603 01d2 2046     		mov	r0, r4
 604 01d4 FFF7FEFF 		bl	aci_gatt_update_char_value_ext
 605              	.LVL74:
 274:Core/Src/Init.c **** 	if (ret != BLE_STATUS_SUCCESS)
 606              		.loc 1 274 2 is_stmt 1 view .LVU134
 274:Core/Src/Init.c **** 	if (ret != BLE_STATUS_SUCCESS)
 607              		.loc 1 274 8 is_stmt 0 view .LVU135
 608 01d8 3846     		mov	r0, r7
 609 01da FFF7FEFF 		bl	aci_gap_set_io_capability
 610              	.LVL75:
 275:Core/Src/Init.c **** 	{
 611              		.loc 1 275 2 is_stmt 1 view .LVU136
 275:Core/Src/Init.c **** 	{
 612              		.loc 1 275 5 is_stmt 0 view .LVU137
 613 01de 0546     		mov	r5, r0
 614 01e0 0028     		cmp	r0, #0
 615 01e2 3FF425AF 		beq	.L16
 277:Core/Src/Init.c **** 	}
 616              		.loc 1 277 3 is_stmt 1 view .LVU138
 617 01e6 0146     		mov	r1, r0
 618 01e8 1548     		ldr	r0, .L33+48
 619              	.LVL76:
 277:Core/Src/Init.c **** 	}
 620              		.loc 1 277 3 is_stmt 0 view .LVU139
 621 01ea FFF7FEFF 		bl	printf
 622              	.LVL77:
 277:Core/Src/Init.c **** 	}
 623              		.loc 1 277 3 view .LVU140
 624 01ee 1FE7     		b	.L16
 625              	.LVL78:
 626              	.L28:
 627              	.LBB9:
 248:Core/Src/Init.c **** 	}
 628              		.loc 1 248 3 is_stmt 1 view .LVU141
 629 01f0 05F13803 		add	r3, r5, #56
 630 01f4 6B44     		add	r3, sp, r3
 631 01f6 13F8181C 		ldrb	r1, [r3, #-24]	@ zero_extendqisi2
 632 01fa 0A48     		ldr	r0, .L33+20
 633 01fc FFF7FEFF 		bl	printf
 634              	.LVL79:
 246:Core/Src/Init.c **** 	{
 635              		.loc 1 246 58 discriminator 3 view .LVU142
 636 0200 0135     		adds	r5, r5, #1
 637              	.LVL80:
 246:Core/Src/Init.c **** 	{
 638              		.loc 1 246 58 is_stmt 0 discriminator 3 view .LVU143
 639 0202 EDB2     		uxtb	r5, r5
 640              	.LVL81:
 246:Core/Src/Init.c **** 	{
 641              		.loc 1 246 58 discriminator 3 view .LVU144
 642 0204 A3E7     		b	.L27
 643              	.LVL82:
 644              	.L32:
 246:Core/Src/Init.c **** 	{
 645              		.loc 1 246 58 discriminator 3 view .LVU145
 646              	.LBE9:
ARM GAS  C:\Users\IAHERN~1\AppData\Local\Temp\ccc7XwIj.s 			page 20


 257:Core/Src/Init.c **** 		return ret;
 647              		.loc 1 257 3 is_stmt 1 view .LVU146
 648 0206 0146     		mov	r1, r0
 649 0208 0E48     		ldr	r0, .L33+52
 650              	.LVL83:
 257:Core/Src/Init.c **** 		return ret;
 651              		.loc 1 257 3 is_stmt 0 view .LVU147
 652 020a FFF7FEFF 		bl	printf
 653              	.LVL84:
 258:Core/Src/Init.c **** 	}
 654              		.loc 1 258 3 is_stmt 1 view .LVU148
 258:Core/Src/Init.c **** 	}
 655              		.loc 1 258 10 is_stmt 0 view .LVU149
 656 020e 0FE7     		b	.L16
 657              	.L34:
 658              		.align	2
 659              	.L33:
 660 0210 20000000 		.word	.LC4
 661 0214 00000000 		.word	.LC3
 662 0218 34000000 		.word	.LC5
 663 021c 3C000000 		.word	.LC6
 664 0220 44000000 		.word	.LC7
 665 0224 74000000 		.word	.LC8
 666 0228 78000000 		.word	.LC9
 667 022c 7C000000 		.word	.LC10
 668 0230 A8000000 		.word	.LC11
 669 0234 D4000000 		.word	.LC12
 670 0238 00010000 		.word	.LC13
 671 023c 54010000 		.word	.LC15
 672 0240 74010000 		.word	.LC16
 673 0244 30010000 		.word	.LC14
 674              		.cfi_endproc
 675              	.LFE141:
 677              		.section	.rodata.Configure_HidPeripheral.str1.4,"aMS",%progbits,1
 678              		.align	2
 679              	.LC19:
 680 0000 4572726F 		.ascii	"Error in hidDevice_Init() 0x%02x\012\000"
 680      7220696E 
 680      20686964 
 680      44657669 
 680      63655F49 
 681 0022 0000     		.align	2
 682              	.LC20:
 683 0024 4572726F 		.ascii	"Error in hidSetDeviceSecurity() 0x%02x\012\000"
 683      7220696E 
 683      20686964 
 683      53657444 
 683      65766963 
 684              		.align	2
 685              	.LC21:
 686 004c 4572726F 		.ascii	"Error in hidSetTxPower() 0x%02x\012\000"
 686      7220696E 
 686      20686964 
 686      53657454 
 686      78506F77 
 687 006d 000000   		.align	2
 688              	.LC22:
ARM GAS  C:\Users\IAHERN~1\AppData\Local\Temp\ccc7XwIj.s 			page 21


 689 0070 5354204D 		.ascii	"ST Micro \000"
 689      6963726F 
 689      2000
 690 007a 0000     		.align	2
 691              	.LC23:
 692 007c 30303031 		.ascii	"0001\000"
 692      00
 693 0081 000000   		.align	2
 694              	.LC24:
 695 0084 30363330 		.ascii	"0630\000"
 695      00
 696 0089 000000   		.align	2
 697              	.LC25:
 698 008c 4572726F 		.ascii	"Error in hidAddServices() 0x%02x\012\000"
 698      7220696E 
 698      20686964 
 698      41646453 
 698      65727669 
 699 00ae 0000     		.align	2
 700              	.LC26:
 701 00b0 48494420 		.ascii	"HID Keyboard Configured\015\000"
 701      4B657962 
 701      6F617264 
 701      20436F6E 
 701      66696775 
 702 00c9 000000   		.align	2
 703              	.LC18:
 704 00cc 53544B65 		.ascii	"STKeyboard\000"
 704      79626F61 
 704      726400
 705              		.section	.text.Configure_HidPeripheral,"ax",%progbits
 706              		.align	1
 707              		.global	Configure_HidPeripheral
 708              		.syntax unified
 709              		.thumb
 710              		.thumb_func
 712              	Configure_HidPeripheral:
 713              	.LFB138:
  53:Core/Src/Init.c **** 	uint8_t ret;
 714              		.loc 1 53 1 is_stmt 1 view -0
 715              		.cfi_startproc
 716              		@ args = 0, pretend = 0, frame = 56
 717              		@ frame_needed = 0, uses_anonymous_args = 0
 718 0000 10B5     		push	{r4, lr}
 719              		.cfi_def_cfa_offset 8
 720              		.cfi_offset 4, -8
 721              		.cfi_offset 14, -4
 722 0002 90B0     		sub	sp, sp, #64
 723              		.cfi_def_cfa_offset 72
  54:Core/Src/Init.c **** 	devInfService_Type devInf;
 724              		.loc 1 54 2 view .LVU151
  55:Core/Src/Init.c **** 	connParam_Type connParam;
 725              		.loc 1 55 2 view .LVU152
  56:Core/Src/Init.c **** 	uint8_t addr[] = PERIPHERAL_PUBLIC_ADDRESS;
 726              		.loc 1 56 2 view .LVU153
  57:Core/Src/Init.c **** 	uint8_t dev_name[]={'S', 'T', 'K', 'e', 'y', 'b', 'o', 'a', 'r', 'd'};
 727              		.loc 1 57 2 view .LVU154
ARM GAS  C:\Users\IAHERN~1\AppData\Local\Temp\ccc7XwIj.s 			page 22


  57:Core/Src/Init.c **** 	uint8_t dev_name[]={'S', 'T', 'K', 'e', 'y', 'b', 'o', 'a', 'r', 'd'};
 728              		.loc 1 57 10 is_stmt 0 view .LVU155
 729 0004 3F4B     		ldr	r3, .L46
 730 0006 93E80300 		ldm	r3, {r0, r1}
 731 000a 0590     		str	r0, [sp, #20]
 732 000c ADF81810 		strh	r1, [sp, #24]	@ movhi
  58:Core/Src/Init.c **** 	// uint8_t local_name[]={AD_TYPE_COMPLETE_LOCAL_NAME,'S', 'T', 'K', 'e', 'y', 'b', 'o', 'a', 'r', 
 733              		.loc 1 58 2 is_stmt 1 view .LVU156
  58:Core/Src/Init.c **** 	// uint8_t local_name[]={AD_TYPE_COMPLETE_LOCAL_NAME,'S', 'T', 'K', 'e', 'y', 'b', 'o', 'a', 'r', 
 734              		.loc 1 58 10 is_stmt 0 view .LVU157
 735 0010 3D4A     		ldr	r2, .L46+4
 736 0012 02AB     		add	r3, sp, #8
 737 0014 07CA     		ldm	r2, {r0, r1, r2}
 738 0016 03C3     		stmia	r3!, {r0, r1}
 739 0018 1A80     		strh	r2, [r3]	@ movhi
  61:Core/Src/Init.c **** 	connParam.interval_max = 0x14;
 740              		.loc 1 61 2 is_stmt 1 view .LVU158
  61:Core/Src/Init.c **** 	connParam.interval_max = 0x14;
 741              		.loc 1 61 25 is_stmt 0 view .LVU159
 742 001a 1023     		movs	r3, #16
 743 001c ADF81C30 		strh	r3, [sp, #28]	@ movhi
  62:Core/Src/Init.c **** 	connParam.slave_latency = 0x14;
 744              		.loc 1 62 2 is_stmt 1 view .LVU160
  62:Core/Src/Init.c **** 	connParam.slave_latency = 0x14;
 745              		.loc 1 62 25 is_stmt 0 view .LVU161
 746 0020 1423     		movs	r3, #20
 747 0022 ADF81E30 		strh	r3, [sp, #30]	@ movhi
  63:Core/Src/Init.c **** 	connParam.timeout_multiplier = 0xD2;
 748              		.loc 1 63 2 is_stmt 1 view .LVU162
  63:Core/Src/Init.c **** 	connParam.timeout_multiplier = 0xD2;
 749              		.loc 1 63 26 is_stmt 0 view .LVU163
 750 0026 ADF82030 		strh	r3, [sp, #32]	@ movhi
  64:Core/Src/Init.c **** 	ret = hidDevice_Init(IO_CAP_DISPLAY_ONLY, connParam, sizeof(dev_name), dev_name, addr);
 751              		.loc 1 64 2 is_stmt 1 view .LVU164
  64:Core/Src/Init.c **** 	ret = hidDevice_Init(IO_CAP_DISPLAY_ONLY, connParam, sizeof(dev_name), dev_name, addr);
 752              		.loc 1 64 31 is_stmt 0 view .LVU165
 753 002a D223     		movs	r3, #210
 754 002c ADF82230 		strh	r3, [sp, #34]	@ movhi
  65:Core/Src/Init.c **** 	if (ret != BLE_STATUS_SUCCESS)
 755              		.loc 1 65 2 is_stmt 1 view .LVU166
  65:Core/Src/Init.c **** 	if (ret != BLE_STATUS_SUCCESS)
 756              		.loc 1 65 8 is_stmt 0 view .LVU167
 757 0030 05AB     		add	r3, sp, #20
 758 0032 0193     		str	r3, [sp, #4]
 759 0034 02AB     		add	r3, sp, #8
 760 0036 0093     		str	r3, [sp]
 761 0038 0A23     		movs	r3, #10
 762 003a 07AA     		add	r2, sp, #28
 763 003c 06CA     		ldm	r2, {r1, r2}
 764 003e 0020     		movs	r0, #0
 765 0040 FFF7FEFF 		bl	hidDevice_Init
 766              	.LVL85:
  66:Core/Src/Init.c **** 	{
 767              		.loc 1 66 2 is_stmt 1 view .LVU168
  66:Core/Src/Init.c **** 	{
 768              		.loc 1 66 5 is_stmt 0 view .LVU169
 769 0044 0028     		cmp	r0, #0
ARM GAS  C:\Users\IAHERN~1\AppData\Local\Temp\ccc7XwIj.s 			page 23


 770 0046 45D1     		bne	.L42
  73:Core/Src/Init.c **** 	if (ret != BLE_STATUS_SUCCESS)
 771              		.loc 1 73 2 is_stmt 1 view .LVU170
  73:Core/Src/Init.c **** 	if (ret != BLE_STATUS_SUCCESS)
 772              		.loc 1 73 8 is_stmt 0 view .LVU171
 773 0048 304A     		ldr	r2, .L46+8
 774 004a 0021     		movs	r1, #0
 775 004c 0120     		movs	r0, #1
 776              	.LVL86:
  73:Core/Src/Init.c **** 	if (ret != BLE_STATUS_SUCCESS)
 777              		.loc 1 73 8 view .LVU172
 778 004e FFF7FEFF 		bl	hidSetDeviceSecurity
 779              	.LVL87:
  74:Core/Src/Init.c **** 	{
 780              		.loc 1 74 2 is_stmt 1 view .LVU173
  74:Core/Src/Init.c **** 	{
 781              		.loc 1 74 5 is_stmt 0 view .LVU174
 782 0052 0446     		mov	r4, r0
 783 0054 0028     		cmp	r0, #0
 784 0056 45D1     		bne	.L43
  82:Core/Src/Init.c **** 
 785              		.loc 1 82 2 is_stmt 1 view .LVU175
  82:Core/Src/Init.c **** 
 786              		.loc 1 82 8 is_stmt 0 view .LVU176
 787 0058 0420     		movs	r0, #4
 788              	.LVL88:
  82:Core/Src/Init.c **** 
 789              		.loc 1 82 8 view .LVU177
 790 005a FFF7FEFF 		bl	hidSetTxPower
 791              	.LVL89:
  84:Core/Src/Init.c **** 	{
 792              		.loc 1 84 2 is_stmt 1 view .LVU178
  84:Core/Src/Init.c **** 	{
 793              		.loc 1 84 5 is_stmt 0 view .LVU179
 794 005e 0446     		mov	r4, r0
 795 0060 0028     		cmp	r0, #0
 796 0062 44D1     		bne	.L44
  95:Core/Src/Init.c **** 	memcpy(devInf.modelNumber, "0001", MODEL_NUMB_LEN);
 797              		.loc 1 95 2 is_stmt 1 view .LVU180
 798 0064 2A4A     		ldr	r2, .L46+12
 799 0066 09AB     		add	r3, sp, #36
 800 0068 07CA     		ldm	r2, {r0, r1, r2}
 801              	.LVL90:
  95:Core/Src/Init.c **** 	memcpy(devInf.modelNumber, "0001", MODEL_NUMB_LEN);
 802              		.loc 1 95 2 is_stmt 0 view .LVU181
 803 006a 03C3     		stmia	r3!, {r0, r1}
 804 006c 1A70     		strb	r2, [r3]
  96:Core/Src/Init.c **** 	memcpy(devInf.fwRevision, "0630", FW_REV_LEN);
 805              		.loc 1 96 2 is_stmt 1 view .LVU182
 806 006e 294B     		ldr	r3, .L46+16
 807 0070 1868     		ldr	r0, [r3]
 808 0072 CDF82D00 		str	r0, [sp, #45]	@ unaligned
  97:Core/Src/Init.c **** 	memcpy(devInf.swRevision, "0001", SW_REV_LEN);
 809              		.loc 1 97 2 view .LVU183
 810 0076 284A     		ldr	r2, .L46+20
 811 0078 1068     		ldr	r0, [r2]
 812 007a CDF83100 		str	r0, [sp, #49]	@ unaligned
ARM GAS  C:\Users\IAHERN~1\AppData\Local\Temp\ccc7XwIj.s 			page 24


  98:Core/Src/Init.c **** 	devInf.pnpID[0] = 0x01;
 813              		.loc 1 98 2 view .LVU184
 814 007e 1868     		ldr	r0, [r3]
 815 0080 CDF83500 		str	r0, [sp, #53]	@ unaligned
  99:Core/Src/Init.c **** 	devInf.pnpID[1] = 0x30;
 816              		.loc 1 99 2 view .LVU185
  99:Core/Src/Init.c **** 	devInf.pnpID[1] = 0x30;
 817              		.loc 1 99 18 is_stmt 0 view .LVU186
 818 0084 0123     		movs	r3, #1
 819 0086 8DF83930 		strb	r3, [sp, #57]
 100:Core/Src/Init.c **** 	devInf.pnpID[2] = 0x00;
 820              		.loc 1 100 2 is_stmt 1 view .LVU187
 100:Core/Src/Init.c **** 	devInf.pnpID[2] = 0x00;
 821              		.loc 1 100 18 is_stmt 0 view .LVU188
 822 008a 3023     		movs	r3, #48
 823 008c 8DF83A30 		strb	r3, [sp, #58]
 101:Core/Src/Init.c **** 	devInf.pnpID[3] = 0xfc;
 824              		.loc 1 101 2 is_stmt 1 view .LVU189
 101:Core/Src/Init.c **** 	devInf.pnpID[3] = 0xfc;
 825              		.loc 1 101 18 is_stmt 0 view .LVU190
 826 0090 0023     		movs	r3, #0
 827 0092 8DF83B30 		strb	r3, [sp, #59]
 102:Core/Src/Init.c **** 	devInf.pnpID[4] = 0x00;
 828              		.loc 1 102 2 is_stmt 1 view .LVU191
 102:Core/Src/Init.c **** 	devInf.pnpID[4] = 0x00;
 829              		.loc 1 102 18 is_stmt 0 view .LVU192
 830 0096 FC22     		movs	r2, #252
 831 0098 8DF83C20 		strb	r2, [sp, #60]
 103:Core/Src/Init.c **** 	devInf.pnpID[5] = 0xec;
 832              		.loc 1 103 2 is_stmt 1 view .LVU193
 103:Core/Src/Init.c **** 	devInf.pnpID[5] = 0xec;
 833              		.loc 1 103 18 is_stmt 0 view .LVU194
 834 009c 8DF83D30 		strb	r3, [sp, #61]
 104:Core/Src/Init.c **** 	devInf.pnpID[6] = 0x00;
 835              		.loc 1 104 2 is_stmt 1 view .LVU195
 104:Core/Src/Init.c **** 	devInf.pnpID[6] = 0x00;
 836              		.loc 1 104 18 is_stmt 0 view .LVU196
 837 00a0 EC22     		movs	r2, #236
 838 00a2 8DF83E20 		strb	r2, [sp, #62]
 105:Core/Src/Init.c **** 
 839              		.loc 1 105 2 is_stmt 1 view .LVU197
 105:Core/Src/Init.c **** 
 840              		.loc 1 105 18 is_stmt 0 view .LVU198
 841 00a6 8DF83F30 		strb	r3, [sp, #63]
 108:Core/Src/Init.c **** 	if (ret != BLE_STATUS_SUCCESS)
 842              		.loc 1 108 2 is_stmt 1 view .LVU199
 108:Core/Src/Init.c **** 	if (ret != BLE_STATUS_SUCCESS)
 843              		.loc 1 108 8 is_stmt 0 view .LVU200
 844 00aa 09A8     		add	r0, sp, #36
 845 00ac FFF7FEFF 		bl	hidAddServices
 846              	.LVL91:
 109:Core/Src/Init.c **** 	{
 847              		.loc 1 109 2 is_stmt 1 view .LVU201
 109:Core/Src/Init.c **** 	{
 848              		.loc 1 109 5 is_stmt 0 view .LVU202
 849 00b0 0446     		mov	r4, r0
 850 00b2 08BB     		cbnz	r0, .L45
ARM GAS  C:\Users\IAHERN~1\AppData\Local\Temp\ccc7XwIj.s 			page 25


 122:Core/Src/Init.c ****   	BLE_Profile_Add_Advertisment_Service_UUID(BATTERY_SERVICE_SERVICE_UUID);
 851              		.loc 1 122 2 is_stmt 1 view .LVU203
 852 00b4 41F61200 		movw	r0, #6162
 853              	.LVL92:
 122:Core/Src/Init.c ****   	BLE_Profile_Add_Advertisment_Service_UUID(BATTERY_SERVICE_SERVICE_UUID);
 854              		.loc 1 122 2 is_stmt 0 view .LVU204
 855 00b8 FFF7FEFF 		bl	BLE_Profile_Add_Advertisment_Service_UUID
 856              	.LVL93:
 123:Core/Src/Init.c ****   	BLE_Profile_Add_Advertisment_Service_UUID(DEVICE_INFORMATION_SERVICE_UUID);
 857              		.loc 1 123 4 is_stmt 1 view .LVU205
 858 00bc 41F60F00 		movw	r0, #6159
 859 00c0 FFF7FEFF 		bl	BLE_Profile_Add_Advertisment_Service_UUID
 860              	.LVL94:
 124:Core/Src/Init.c **** 
 861              		.loc 1 124 4 view .LVU206
 862 00c4 41F60A00 		movw	r0, #6154
 863 00c8 FFF7FEFF 		bl	BLE_Profile_Add_Advertisment_Service_UUID
 864              	.LVL95:
 126:Core/Src/Init.c **** 	return BLE_STATUS_SUCCESS;
 865              		.loc 1 126 2 view .LVU207
 866 00cc 1348     		ldr	r0, .L46+24
 867 00ce FFF7FEFF 		bl	puts
 868              	.LVL96:
 127:Core/Src/Init.c **** }
 869              		.loc 1 127 2 view .LVU208
 127:Core/Src/Init.c **** }
 870              		.loc 1 127 9 is_stmt 0 view .LVU209
 871 00d2 04E0     		b	.L37
 872              	.LVL97:
 873              	.L42:
 127:Core/Src/Init.c **** }
 874              		.loc 1 127 9 view .LVU210
 875 00d4 0446     		mov	r4, r0
  68:Core/Src/Init.c **** 		return ret;
 876              		.loc 1 68 3 is_stmt 1 view .LVU211
 877 00d6 0146     		mov	r1, r0
 878 00d8 1148     		ldr	r0, .L46+28
 879              	.LVL98:
  68:Core/Src/Init.c **** 		return ret;
 880              		.loc 1 68 3 is_stmt 0 view .LVU212
 881 00da FFF7FEFF 		bl	printf
 882              	.LVL99:
  69:Core/Src/Init.c **** 	}
 883              		.loc 1 69 3 is_stmt 1 view .LVU213
 884              	.L37:
 128:Core/Src/Init.c **** 
 885              		.loc 1 128 1 is_stmt 0 view .LVU214
 886 00de 2046     		mov	r0, r4
 887 00e0 10B0     		add	sp, sp, #64
 888              		.cfi_remember_state
 889              		.cfi_def_cfa_offset 8
 890              		@ sp needed
 891 00e2 10BD     		pop	{r4, pc}
 892              	.LVL100:
 893              	.L43:
 894              		.cfi_restore_state
  76:Core/Src/Init.c **** 		return ret;
ARM GAS  C:\Users\IAHERN~1\AppData\Local\Temp\ccc7XwIj.s 			page 26


 895              		.loc 1 76 3 is_stmt 1 view .LVU215
 896 00e4 0146     		mov	r1, r0
 897 00e6 0F48     		ldr	r0, .L46+32
 898              	.LVL101:
  76:Core/Src/Init.c **** 		return ret;
 899              		.loc 1 76 3 is_stmt 0 view .LVU216
 900 00e8 FFF7FEFF 		bl	printf
 901              	.LVL102:
  77:Core/Src/Init.c **** 	}
 902              		.loc 1 77 3 is_stmt 1 view .LVU217
  77:Core/Src/Init.c **** 	}
 903              		.loc 1 77 10 is_stmt 0 view .LVU218
 904 00ec F7E7     		b	.L37
 905              	.LVL103:
 906              	.L44:
  86:Core/Src/Init.c **** 		return ret;
 907              		.loc 1 86 3 is_stmt 1 view .LVU219
 908 00ee 0146     		mov	r1, r0
 909 00f0 0D48     		ldr	r0, .L46+36
 910              	.LVL104:
  86:Core/Src/Init.c **** 		return ret;
 911              		.loc 1 86 3 is_stmt 0 view .LVU220
 912 00f2 FFF7FEFF 		bl	printf
 913              	.LVL105:
  87:Core/Src/Init.c **** 	}
 914              		.loc 1 87 3 is_stmt 1 view .LVU221
  87:Core/Src/Init.c **** 	}
 915              		.loc 1 87 10 is_stmt 0 view .LVU222
 916 00f6 F2E7     		b	.L37
 917              	.LVL106:
 918              	.L45:
 111:Core/Src/Init.c **** 		return ret;
 919              		.loc 1 111 3 is_stmt 1 view .LVU223
 920 00f8 0146     		mov	r1, r0
 921 00fa 0C48     		ldr	r0, .L46+40
 922              	.LVL107:
 111:Core/Src/Init.c **** 		return ret;
 923              		.loc 1 111 3 is_stmt 0 view .LVU224
 924 00fc FFF7FEFF 		bl	printf
 925              	.LVL108:
 112:Core/Src/Init.c **** 	}
 926              		.loc 1 112 3 is_stmt 1 view .LVU225
 112:Core/Src/Init.c **** 	}
 927              		.loc 1 112 10 is_stmt 0 view .LVU226
 928 0100 EDE7     		b	.L37
 929              	.L47:
 930 0102 00BF     		.align	2
 931              	.L46:
 932 0104 00000000 		.word	.LANCHOR0
 933 0108 CC000000 		.word	.LC18
 934 010c 40E20100 		.word	123456
 935 0110 70000000 		.word	.LC22
 936 0114 7C000000 		.word	.LC23
 937 0118 84000000 		.word	.LC24
 938 011c B0000000 		.word	.LC26
 939 0120 00000000 		.word	.LC19
 940 0124 24000000 		.word	.LC20
ARM GAS  C:\Users\IAHERN~1\AppData\Local\Temp\ccc7XwIj.s 			page 27


 941 0128 4C000000 		.word	.LC21
 942 012c 8C000000 		.word	.LC25
 943              		.cfi_endproc
 944              	.LFE138:
 946              		.section	.rodata.Init.str1.4,"aMS",%progbits,1
 947              		.align	2
 948              	.LC27:
 949 0000 0D00     		.ascii	"\015\000"
 950 0002 0000     		.align	2
 951              	.LC28:
 952 0004 202D2D2D 		.ascii	" ----------------------------------------------\015"
 952      2D2D2D2D 
 952      2D2D2D2D 
 952      2D2D2D2D 
 952      2D2D2D2D 
 953 0034 00       		.ascii	"\000"
 954 0035 000000   		.align	2
 955              	.LC29:
 956 0038 436F6E66 		.ascii	"Configure_HidPeripheral failed \015\000"
 956      69677572 
 956      655F4869 
 956      64506572 
 956      69706865 
 957              		.section	.text.Init,"ax",%progbits
 958              		.align	1
 959              		.global	Init
 960              		.syntax unified
 961              		.thumb
 962              		.thumb_func
 964              	Init:
 965              	.LFB137:
  27:Core/Src/Init.c **** 
 966              		.loc 1 27 1 is_stmt 1 view -0
 967              		.cfi_startproc
 968              		@ args = 0, pretend = 0, frame = 0
 969              		@ frame_needed = 0, uses_anonymous_args = 0
 970 0000 10B5     		push	{r4, lr}
 971              		.cfi_def_cfa_offset 8
 972              		.cfi_offset 4, -8
 973              		.cfi_offset 14, -4
  29:Core/Src/Init.c **** 	printf("\r\n");
 974              		.loc 1 29 2 view .LVU228
  30:Core/Src/Init.c **** 	printf(" ----------------------------------------------\r\n");
 975              		.loc 1 30 2 view .LVU229
 976 0002 1048     		ldr	r0, .L52
 977 0004 FFF7FEFF 		bl	puts
 978              	.LVL109:
  31:Core/Src/Init.c **** 	printf(" ----------------------------------------------\r\n");
 979              		.loc 1 31 2 view .LVU230
 980 0008 0F4C     		ldr	r4, .L52+4
 981 000a 2046     		mov	r0, r4
 982 000c FFF7FEFF 		bl	puts
 983              	.LVL110:
  32:Core/Src/Init.c **** 	printf(" ----------------------------------------------\r\n");
 984              		.loc 1 32 2 view .LVU231
 985 0010 2046     		mov	r0, r4
 986 0012 FFF7FEFF 		bl	puts
ARM GAS  C:\Users\IAHERN~1\AppData\Local\Temp\ccc7XwIj.s 			page 28


 987              	.LVL111:
  33:Core/Src/Init.c **** 	/*Initializing and Reseting HCI*/
 988              		.loc 1 33 2 view .LVU232
 989 0016 2046     		mov	r0, r4
 990 0018 FFF7FEFF 		bl	puts
 991              	.LVL112:
  35:Core/Src/Init.c **** 	hci_reset();
 992              		.loc 1 35 2 view .LVU233
 993 001c 0021     		movs	r1, #0
 994 001e 0B48     		ldr	r0, .L52+8
 995 0020 FFF7FEFF 		bl	hci_init
 996              	.LVL113:
  36:Core/Src/Init.c **** 	HAL_Delay(100);
 997              		.loc 1 36 2 view .LVU234
 998 0024 FFF7FEFF 		bl	hci_reset
 999              	.LVL114:
  37:Core/Src/Init.c **** 
 1000              		.loc 1 37 2 view .LVU235
 1001 0028 6420     		movs	r0, #100
 1002 002a FFF7FEFF 		bl	HAL_Delay
 1003              	.LVL115:
  39:Core/Src/Init.c **** 	if(ret != BLE_STATUS_SUCCESS)
 1004              		.loc 1 39 2 view .LVU236
  39:Core/Src/Init.c **** 	if(ret != BLE_STATUS_SUCCESS)
 1005              		.loc 1 39 8 is_stmt 0 view .LVU237
 1006 002e FFF7FEFF 		bl	Configure_HidPeripheral
 1007              	.LVL116:
  40:Core/Src/Init.c **** 	{
 1008              		.loc 1 40 2 is_stmt 1 view .LVU238
  40:Core/Src/Init.c **** 	{
 1009              		.loc 1 40 4 is_stmt 0 view .LVU239
 1010 0032 10B9     		cbnz	r0, .L51
 1011              	.LVL117:
 1012              	.L49:
  44:Core/Src/Init.c **** 
 1013              		.loc 1 44 2 is_stmt 1 view .LVU240
 1014 0034 FFF7FEFF 		bl	Reset_DiscoveryContext
 1015              	.LVL118:
  47:Core/Src/Init.c **** 
 1016              		.loc 1 47 1 is_stmt 0 view .LVU241
 1017 0038 10BD     		pop	{r4, pc}
 1018              	.LVL119:
 1019              	.L51:
  42:Core/Src/Init.c **** 	}
 1020              		.loc 1 42 3 is_stmt 1 view .LVU242
 1021 003a 0548     		ldr	r0, .L52+12
 1022              	.LVL120:
  42:Core/Src/Init.c **** 	}
 1023              		.loc 1 42 3 is_stmt 0 view .LVU243
 1024 003c FFF7FEFF 		bl	puts
 1025              	.LVL121:
 1026 0040 F8E7     		b	.L49
 1027              	.L53:
 1028 0042 00BF     		.align	2
 1029              	.L52:
 1030 0044 00000000 		.word	.LC27
 1031 0048 04000000 		.word	.LC28
ARM GAS  C:\Users\IAHERN~1\AppData\Local\Temp\ccc7XwIj.s 			page 29


 1032 004c 00000000 		.word	APP_UserEvtRx
 1033 0050 38000000 		.word	.LC29
 1034              		.cfi_endproc
 1035              	.LFE137:
 1037              		.section	.rodata
 1038              		.align	2
 1039              		.set	.LANCHOR0,. + 0
 1040              	.LC17:
 1041 0000 BCFC00E1 		.ascii	"\274\374\000\341\200\002"
 1041      8002
 1042              		.text
 1043              	.Letext0:
 1044              		.file 2 "C:/Users/iahernandez/AppData/Roaming/Code/User/globalStorage/bmd.stm32-for-vscode/@xpack-
 1045              		.file 3 "C:/Users/iahernandez/AppData/Roaming/Code/User/globalStorage/bmd.stm32-for-vscode/@xpack-
 1046              		.file 4 "Middlewares/ST/BlueNRG-2/includes/bluenrg1_types.h"
 1047              		.file 5 "Core/Inc/services.h"
 1048              		.file 6 "Middlewares/ST/BlueNRG-2/includes/bluenrg1_gap_aci.h"
 1049              		.file 7 "Middlewares/ST/BlueNRG-2/includes/bluenrg1_gatt_aci.h"
 1050              		.file 8 "Middlewares/ST/BlueNRG-2/includes/bluenrg1_hal_aci.h"
 1051              		.file 9 "C:/Users/iahernandez/AppData/Roaming/Code/User/globalStorage/bmd.stm32-for-vscode/@xpack-
 1052              		.file 10 "Drivers/STM32F4xx_HAL_Driver/Inc/stm32f4xx_hal.h"
 1053              		.file 11 "Middlewares/ST/BlueNRG-2/includes/bluenrg1_hci_le.h"
 1054              		.file 12 "Middlewares/ST/BlueNRG-2/includes/hci.h"
 1055              		.file 13 "Core/Inc/sm.h"
 1056              		.file 14 "<built-in>"
ARM GAS  C:\Users\IAHERN~1\AppData\Local\Temp\ccc7XwIj.s 			page 30


DEFINED SYMBOLS
                            *ABS*:00000000 Init.c
C:\Users\IAHERN~1\AppData\Local\Temp\ccc7XwIj.s:21     .rodata.hidSetDeviceSecurity.str1.4:00000000 $d
C:\Users\IAHERN~1\AppData\Local\Temp\ccc7XwIj.s:30     .text.hidSetDeviceSecurity:00000000 $t
C:\Users\IAHERN~1\AppData\Local\Temp\ccc7XwIj.s:36     .text.hidSetDeviceSecurity:00000000 hidSetDeviceSecurity
C:\Users\IAHERN~1\AppData\Local\Temp\ccc7XwIj.s:112    .text.hidSetDeviceSecurity:00000040 $d
C:\Users\IAHERN~1\AppData\Local\Temp\ccc7XwIj.s:118    .rodata.hidSetTxPower.str1.4:00000000 $d
C:\Users\IAHERN~1\AppData\Local\Temp\ccc7XwIj.s:123    .text.hidSetTxPower:00000000 $t
C:\Users\IAHERN~1\AppData\Local\Temp\ccc7XwIj.s:129    .text.hidSetTxPower:00000000 hidSetTxPower
C:\Users\IAHERN~1\AppData\Local\Temp\ccc7XwIj.s:173    .text.hidSetTxPower:0000001c $d
C:\Users\IAHERN~1\AppData\Local\Temp\ccc7XwIj.s:178    .rodata.hidDevice_Init.str1.4:00000000 $d
C:\Users\IAHERN~1\AppData\Local\Temp\ccc7XwIj.s:221    .text.hidDevice_Init:00000000 $t
C:\Users\IAHERN~1\AppData\Local\Temp\ccc7XwIj.s:227    .text.hidDevice_Init:00000000 hidDevice_Init
C:\Users\IAHERN~1\AppData\Local\Temp\ccc7XwIj.s:660    .text.hidDevice_Init:00000210 $d
C:\Users\IAHERN~1\AppData\Local\Temp\ccc7XwIj.s:678    .rodata.Configure_HidPeripheral.str1.4:00000000 $d
C:\Users\IAHERN~1\AppData\Local\Temp\ccc7XwIj.s:706    .text.Configure_HidPeripheral:00000000 $t
C:\Users\IAHERN~1\AppData\Local\Temp\ccc7XwIj.s:712    .text.Configure_HidPeripheral:00000000 Configure_HidPeripheral
C:\Users\IAHERN~1\AppData\Local\Temp\ccc7XwIj.s:932    .text.Configure_HidPeripheral:00000104 $d
C:\Users\IAHERN~1\AppData\Local\Temp\ccc7XwIj.s:947    .rodata.Init.str1.4:00000000 $d
C:\Users\IAHERN~1\AppData\Local\Temp\ccc7XwIj.s:958    .text.Init:00000000 $t
C:\Users\IAHERN~1\AppData\Local\Temp\ccc7XwIj.s:964    .text.Init:00000000 Init
C:\Users\IAHERN~1\AppData\Local\Temp\ccc7XwIj.s:1030   .text.Init:00000044 $d
C:\Users\IAHERN~1\AppData\Local\Temp\ccc7XwIj.s:1038   .rodata:00000000 $d

UNDEFINED SYMBOLS
aci_gap_set_authentication_requirement
printf
puts
aci_hal_set_tx_power_level
aci_hal_write_config_data
aci_hal_read_config_data
aci_gatt_init
aci_gap_init
aci_gatt_update_char_value
aci_gatt_update_char_value_ext
aci_gap_set_io_capability
hidAddServices
BLE_Profile_Add_Advertisment_Service_UUID
hci_init
hci_reset
HAL_Delay
Reset_DiscoveryContext
APP_UserEvtRx
